Using pre-set license
Built from '2021.1/staging' branch; Version is '2021.1.15f1 (e767a7370072) revision 15165351'; Using compiler version '192528614'; Build Type 'Release'
OS: 'Windows 10 Home; OS build 19043.1237; Version 2009; 64bit' Language: 'en' Physical Memory: 16332 MB
BatchMode: 1, IsHumanControllingUs: 0, StartBugReporterOnCrash: 0, Is64bit: 1, IsPro: 0

 COMMAND LINE ARGUMENTS:
C:\Users\xcool\Desktop\Unity Versions\2021.1.15f1\Editor\Unity.exe
-adb2
-batchMode
-noUpm
-name
AssetImportWorker0
-projectPath
C:/Users/xcool/Desktop/Github stuff/Number-Go-Up
-logFile
Logs/AssetImportWorker0.log
-srvPort
61567
Successfully changed project path to: C:/Users/xcool/Desktop/Github stuff/Number-Go-Up
C:/Users/xcool/Desktop/Github stuff/Number-Go-Up
Using Asset Import Pipeline V2.
Refreshing native plugins compatible for Editor in 87.97 ms, found 4 plugins.
Preloading 0 native plugins for Editor in 0.00 ms.
Initialize engine version: 2021.1.15f1 (e767a7370072)
[Subsystems] Discovering subsystems at path C:/Users/xcool/Desktop/Unity Versions/2021.1.15f1/Editor/Data/Resources/UnitySubsystems
[Subsystems] Discovering subsystems at path C:/Users/xcool/Desktop/Github stuff/Number-Go-Up/Assets
GfxDevice: creating device client; threaded=0; jobified=0
Direct3D:
    Version:  Direct3D 11.0 [level 11.1]
    Renderer: NVIDIA GeForce RTX 2070 SUPER (ID=0x1e84)
    Vendor:   NVIDIA
    VRAM:     8011 MB
    Driver:   30.0.14.7141
Initialize mono
Mono path[0] = 'C:/Users/xcool/Desktop/Unity Versions/2021.1.15f1/Editor/Data/Managed'
Mono path[1] = 'C:/Users/xcool/Desktop/Unity Versions/2021.1.15f1/Editor/Data/MonoBleedingEdge/lib/mono/unityjit'
Mono config path = 'C:/Users/xcool/Desktop/Unity Versions/2021.1.15f1/Editor/Data/MonoBleedingEdge/etc'
Using monoOptions --debugger-agent=transport=dt_socket,embedding=1,server=y,suspend=n,address=127.0.0.1:56732
Begin MonoManager ReloadAssembly
Registering precompiled unity dll's ...
Register platform support module: C:/Users/xcool/Desktop/Unity Versions/2021.1.15f1/Editor/Data/PlaybackEngines/WindowsStandaloneSupport/UnityEditor.WindowsStandalone.Extensions.dll
Registered in 0.001863 seconds.
Native extension for WindowsStandalone target not found
Refreshing native plugins compatible for Editor in 91.37 ms, found 4 plugins.
Preloading 0 native plugins for Editor in 0.00 ms.
Mono: successfully reloaded assembly
- Completed reload, in  1.579 seconds
Domain Reload Profiling:
	ReloadAssembly (1579ms)
		BeginReloadAssembly (46ms)
			ExecutionOrderSort (0ms)
			DisableScriptedObjects (0ms)
			BackupInstance (0ms)
			ReleaseScriptingObjects (0ms)
			CreateAndSetChildDomain (1ms)
		EndReloadAssembly (398ms)
			LoadAssemblies (43ms)
			RebuildTransferFunctionScriptingTraits (0ms)
			SetupTypeCache (134ms)
			ReleaseScriptCaches (0ms)
			RebuildScriptCaches (25ms)
			SetupLoadedEditorAssemblies (201ms)
				LogAssemblyErrors (0ms)
				InitializePlatformSupportModulesInManaged (5ms)
				SetLoadedEditorAssemblies (0ms)
				RefreshPlugins (91ms)
				BeforeProcessingInitializeOnLoad (1ms)
				ProcessInitializeOnLoadAttributes (79ms)
				ProcessInitializeOnLoadMethodAttributes (23ms)
				AfterProcessingInitializeOnLoad (0ms)
				EditorAssembliesLoaded (0ms)
			ExecutionOrderSort2 (0ms)
			AwakeInstancesAfterBackupRestoration (0ms)
Platform modules already initialized, skipping
Registering precompiled user dll's ...
Registered in 0.005470 seconds.
Begin MonoManager ReloadAssembly
Symbol file LoadedFromMemory doesn't match image C:\Users\xcool\Desktop\Github stuff\Number-Go-Up\Library\PackageCache\com.unity.visualscripting@1.6.1\Editor\VisualScripting.Core\Dependencies\YamlDotNet\Unity.VisualScripting.YamlDotNet.dll
Symbol file LoadedFromMemory doesn't match image C:\Users\xcool\Desktop\Github stuff\Number-Go-Up\Library\PackageCache\com.unity.visualscripting@1.6.1\Editor\VisualScripting.Core\Dependencies\DotNetZip\Unity.VisualScripting.IonicZip.dll
Native extension for WindowsStandalone target not found
Refreshing native plugins compatible for Editor in 96.14 ms, found 4 plugins.
Preloading 0 native plugins for Editor in 0.00 ms.
Mono: successfully reloaded assembly
- Completed reload, in  1.083 seconds
Domain Reload Profiling:
	ReloadAssembly (1083ms)
		BeginReloadAssembly (127ms)
			ExecutionOrderSort (0ms)
			DisableScriptedObjects (4ms)
			BackupInstance (0ms)
			ReleaseScriptingObjects (0ms)
			CreateAndSetChildDomain (16ms)
		EndReloadAssembly (900ms)
			LoadAssemblies (79ms)
			RebuildTransferFunctionScriptingTraits (0ms)
			SetupTypeCache (299ms)
			ReleaseScriptCaches (1ms)
			RebuildScriptCaches (48ms)
			SetupLoadedEditorAssemblies (388ms)
				LogAssemblyErrors (0ms)
				InitializePlatformSupportModulesInManaged (3ms)
				SetLoadedEditorAssemblies (0ms)
				RefreshPlugins (96ms)
				BeforeProcessingInitializeOnLoad (81ms)
				ProcessInitializeOnLoadAttributes (187ms)
				ProcessInitializeOnLoadMethodAttributes (13ms)
				AfterProcessingInitializeOnLoad (7ms)
				EditorAssembliesLoaded (0ms)
			ExecutionOrderSort2 (0ms)
			AwakeInstancesAfterBackupRestoration (6ms)
Platform modules already initialized, skipping
========================================================================
Worker process is ready to serve import requests
Launched and connected shader compiler UnityShaderCompiler.exe after 0.04 seconds
Refreshing native plugins compatible for Editor in 0.68 ms, found 4 plugins.
Preloading 0 native plugins for Editor in 0.00 ms.
Unloading 3721 Unused Serialized files (Serialized files now loaded: 0)
System memory in use before: 139.5 MB.
System memory in use after: 139.5 MB.

Unloading 37 unused Assets to reduce memory usage. Loaded Objects now: 4165.
Total: 2.864800 ms (FindLiveObjects: 0.347900 ms CreateObjectMapping: 0.103000 ms MarkObjects: 2.297400 ms  DeleteObjects: 0.115200 ms)

AssetImportParameters requested are different than current active one (requested -> active):
  custom:framework-win-MediaFoundation: 216162199b28c13a410421893ffa2e32 -> 
  custom:video-decoder-ogg-theora: a1e56fd34408186e4bbccfd4996cb3dc -> 
  custom:container-muxer-webm: aa71ff27fc2769a1b78a27578f13a17b -> 
  custom:container-demuxer-webm: 4f35f7cbe854078d1ac9338744f61a02 -> 
  custom:container-demuxer-ogg: 62fdf1f143b41e24485cea50d1cbac27 -> 
  custom:video-encoder-webm-vp8: eb34c28f22e8b96e1ab97ce403110664 -> 
  custom:video-decoder-webm-vp8: 9c59270c3fd7afecdb556c50c9e8de78 -> 
  custom:audio-decoder-ogg-vorbis: bf7c407c2cedff20999df2af8eb42d56 -> 
  custom:audio-encoder-webm-vorbis: bf7c407c2cedff20999df2af8eb42d56 -> 
========================================================================
Received Import Request.
  path: Assets/Packages
  artifactKey: Guid(d157b9db9df31914391eb96b4353459e) Importer(815301076,1909f56bfc062723c751e8b465ee728b)
Start importing Assets/Packages using Guid(d157b9db9df31914391eb96b4353459e) Importer(815301076,1909f56bfc062723c751e8b465ee728b)  -> (artifact id: '3bfdfbf083057490a5ca0aa63f0e0433') in 0.005632 seconds 
========================================================================
Received Prepare
Registering precompiled user dll's ...
Registered in 0.005554 seconds.
Begin MonoManager ReloadAssembly
Symbol file LoadedFromMemory doesn't match image C:\Users\xcool\Desktop\Github stuff\Number-Go-Up\Library\PackageCache\com.unity.visualscripting@1.6.1\Editor\VisualScripting.Core\Dependencies\YamlDotNet\Unity.VisualScripting.YamlDotNet.dll
Symbol file LoadedFromMemory doesn't match image C:\Users\xcool\Desktop\Github stuff\Number-Go-Up\Library\PackageCache\com.unity.visualscripting@1.6.1\Editor\VisualScripting.Core\Dependencies\DotNetZip\Unity.VisualScripting.IonicZip.dll
Native extension for WindowsStandalone target not found
Refreshing native plugins compatible for Editor in 0.69 ms, found 4 plugins.
Preloading 0 native plugins for Editor in 0.00 ms.
Mono: successfully reloaded assembly
- Completed reload, in  0.904 seconds
Domain Reload Profiling:
	ReloadAssembly (904ms)
		BeginReloadAssembly (101ms)
			ExecutionOrderSort (0ms)
			DisableScriptedObjects (5ms)
			BackupInstance (0ms)
			ReleaseScriptingObjects (0ms)
			CreateAndSetChildDomain (31ms)
		EndReloadAssembly (749ms)
			LoadAssemblies (76ms)
			RebuildTransferFunctionScriptingTraits (0ms)
			SetupTypeCache (293ms)
			ReleaseScriptCaches (1ms)
			RebuildScriptCaches (37ms)
			SetupLoadedEditorAssemblies (253ms)
				LogAssemblyErrors (0ms)
				InitializePlatformSupportModulesInManaged (4ms)
				SetLoadedEditorAssemblies (0ms)
				RefreshPlugins (1ms)
				BeforeProcessingInitializeOnLoad (60ms)
				ProcessInitializeOnLoadAttributes (173ms)
				ProcessInitializeOnLoadMethodAttributes (7ms)
				AfterProcessingInitializeOnLoad (8ms)
				EditorAssembliesLoaded (0ms)
			ExecutionOrderSort2 (0ms)
			AwakeInstancesAfterBackupRestoration (9ms)
Platform modules already initialized, skipping
Refreshing native plugins compatible for Editor in 0.69 ms, found 4 plugins.
Preloading 0 native plugins for Editor in 0.00 ms.
Unloading 3703 Unused Serialized files (Serialized files now loaded: 0)
System memory in use before: 138.2 MB.
System memory in use after: 138.3 MB.

Unloading 25 unused Assets to reduce memory usage. Loaded Objects now: 4168.
Total: 2.198300 ms (FindLiveObjects: 0.244400 ms CreateObjectMapping: 0.090900 ms MarkObjects: 1.782600 ms  DeleteObjects: 0.079900 ms)

AssetImportParameters requested are different than current active one (requested -> active):
  custom:framework-win-MediaFoundation: 216162199b28c13a410421893ffa2e32 -> 
  custom:video-decoder-ogg-theora: a1e56fd34408186e4bbccfd4996cb3dc -> 
  custom:container-muxer-webm: aa71ff27fc2769a1b78a27578f13a17b -> 
  custom:container-demuxer-webm: 4f35f7cbe854078d1ac9338744f61a02 -> 
  custom:container-demuxer-ogg: 62fdf1f143b41e24485cea50d1cbac27 -> 
  custom:video-encoder-webm-vp8: eb34c28f22e8b96e1ab97ce403110664 -> 
  custom:video-decoder-webm-vp8: 9c59270c3fd7afecdb556c50c9e8de78 -> 
  custom:audio-decoder-ogg-vorbis: bf7c407c2cedff20999df2af8eb42d56 -> 
  custom:audio-encoder-webm-vorbis: bf7c407c2cedff20999df2af8eb42d56 -> 
========================================================================
Received Prepare
Registering precompiled user dll's ...
Registered in 0.006567 seconds.
Begin MonoManager ReloadAssembly
Symbol file LoadedFromMemory doesn't match image C:\Users\xcool\Desktop\Github stuff\Number-Go-Up\Library\PackageCache\com.unity.visualscripting@1.6.1\Editor\VisualScripting.Core\Dependencies\YamlDotNet\Unity.VisualScripting.YamlDotNet.dll
Symbol file LoadedFromMemory doesn't match image C:\Users\xcool\Desktop\Github stuff\Number-Go-Up\Library\PackageCache\com.unity.visualscripting@1.6.1\Editor\VisualScripting.Core\Dependencies\DotNetZip\Unity.VisualScripting.IonicZip.dll
Native extension for WindowsStandalone target not found
Refreshing native plugins compatible for Editor in 0.68 ms, found 4 plugins.
Preloading 0 native plugins for Editor in 0.00 ms.
Mono: successfully reloaded assembly
- Completed reload, in  0.914 seconds
Domain Reload Profiling:
	ReloadAssembly (914ms)
		BeginReloadAssembly (115ms)
			ExecutionOrderSort (0ms)
			DisableScriptedObjects (5ms)
			BackupInstance (0ms)
			ReleaseScriptingObjects (0ms)
			CreateAndSetChildDomain (31ms)
		EndReloadAssembly (745ms)
			LoadAssemblies (86ms)
			RebuildTransferFunctionScriptingTraits (0ms)
			SetupTypeCache (295ms)
			ReleaseScriptCaches (1ms)
			RebuildScriptCaches (37ms)
			SetupLoadedEditorAssemblies (245ms)
				LogAssemblyErrors (0ms)
				InitializePlatformSupportModulesInManaged (4ms)
				SetLoadedEditorAssemblies (0ms)
				RefreshPlugins (1ms)
				BeforeProcessingInitializeOnLoad (59ms)
				ProcessInitializeOnLoadAttributes (167ms)
				ProcessInitializeOnLoadMethodAttributes (7ms)
				AfterProcessingInitializeOnLoad (7ms)
				EditorAssembliesLoaded (0ms)
			ExecutionOrderSort2 (0ms)
			AwakeInstancesAfterBackupRestoration (8ms)
Platform modules already initialized, skipping
Refreshing native plugins compatible for Editor in 0.67 ms, found 4 plugins.
Preloading 0 native plugins for Editor in 0.00 ms.
Unloading 3703 Unused Serialized files (Serialized files now loaded: 0)
System memory in use before: 138.2 MB.
System memory in use after: 138.3 MB.

Unloading 25 unused Assets to reduce memory usage. Loaded Objects now: 4171.
Total: 2.221500 ms (FindLiveObjects: 0.254100 ms CreateObjectMapping: 0.089000 ms MarkObjects: 1.792300 ms  DeleteObjects: 0.085300 ms)

AssetImportParameters requested are different than current active one (requested -> active):
  custom:framework-win-MediaFoundation: 216162199b28c13a410421893ffa2e32 -> 
  custom:video-decoder-ogg-theora: a1e56fd34408186e4bbccfd4996cb3dc -> 
  custom:container-muxer-webm: aa71ff27fc2769a1b78a27578f13a17b -> 
  custom:container-demuxer-webm: 4f35f7cbe854078d1ac9338744f61a02 -> 
  custom:container-demuxer-ogg: 62fdf1f143b41e24485cea50d1cbac27 -> 
  custom:video-encoder-webm-vp8: eb34c28f22e8b96e1ab97ce403110664 -> 
  custom:video-decoder-webm-vp8: 9c59270c3fd7afecdb556c50c9e8de78 -> 
  custom:audio-decoder-ogg-vorbis: bf7c407c2cedff20999df2af8eb42d56 -> 
  custom:audio-encoder-webm-vorbis: bf7c407c2cedff20999df2af8eb42d56 -> 
========================================================================
Received Import Request.
  Time since last request: 9687.432202 seconds.
  path: Assets/Scripts/Wheel.fbx
  artifactKey: Guid(6f6c92671a80b4c4da32480d56c08c3f) Importer(815301076,1909f56bfc062723c751e8b465ee728b)
Start importing Assets/Scripts/Wheel.fbx using Guid(6f6c92671a80b4c4da32480d56c08c3f) Importer(815301076,1909f56bfc062723c751e8b465ee728b)  -> (artifact id: '183ce9e967f03898d275cfff06385a59') in 0.426386 seconds 
========================================================================
Received Import Request.
  Time since last request: 116.306042 seconds.
  path: Assets/Scripts/Wheel.fbx
  artifactKey: Guid(6f6c92671a80b4c4da32480d56c08c3f) Importer(815301076,1909f56bfc062723c751e8b465ee728b)
Start importing Assets/Scripts/Wheel.fbx using Guid(6f6c92671a80b4c4da32480d56c08c3f) Importer(815301076,1909f56bfc062723c751e8b465ee728b)  -> (artifact id: '152997103310485ce6593aeba90daef3') in 0.015346 seconds 
========================================================================
Received Import Request.
  Time since last request: 14.391528 seconds.
  path: Assets/Scripts/UnwrapTexture.tif
  artifactKey: Guid(e8c8e4ae50ad381428e0abcc7748cf90) Importer(815301076,1909f56bfc062723c751e8b465ee728b)
Start importing Assets/Scripts/UnwrapTexture.tif using Guid(e8c8e4ae50ad381428e0abcc7748cf90) Importer(815301076,1909f56bfc062723c751e8b465ee728b)  -> (artifact id: '85774a8bf62c294b713d4a1a87845593') in 0.032044 seconds 
========================================================================
Received Import Request.
  Time since last request: 0.000178 seconds.
  path: Assets/Scripts/Wheel.fbx
  artifactKey: Guid(6f6c92671a80b4c4da32480d56c08c3f) Importer(815301076,1909f56bfc062723c751e8b465ee728b)
Start importing Assets/Scripts/Wheel.fbx using Guid(6f6c92671a80b4c4da32480d56c08c3f) Importer(815301076,1909f56bfc062723c751e8b465ee728b)  -> (artifact id: '802d69c9fe04ef2b5a6d88ca709a21d5') in 0.019396 seconds 
========================================================================
Received Import Request.
  Time since last request: 372.721101 seconds.
  path: Assets/Materials
  artifactKey: Guid(bb42a154baab5fe41a74f4c18ad0b652) Importer(815301076,1909f56bfc062723c751e8b465ee728b)
Start importing Assets/Materials using Guid(bb42a154baab5fe41a74f4c18ad0b652) Importer(815301076,1909f56bfc062723c751e8b465ee728b)  -> (artifact id: 'ebf87b31e598334f3fa489a46958608f') in 0.002436 seconds 
========================================================================
Received Import Request.
  Time since last request: 0.066792 seconds.
  path: Assets/Materials/UnwrapTexture.mat
  artifactKey: Guid(8621f4ff039d7a4408853aeaf1e140e5) Importer(815301076,1909f56bfc062723c751e8b465ee728b)
Start importing Assets/Materials/UnwrapTexture.mat using Guid(8621f4ff039d7a4408853aeaf1e140e5) Importer(815301076,1909f56bfc062723c751e8b465ee728b)  -> (artifact id: '8f37af9f98d30cea343c8f0a3da5caa7') in 0.010661 seconds 
========================================================================
Received Import Request.
  Time since last request: 23.400103 seconds.
  path: Assets/Materials/UnwrapTexture.tif
  artifactKey: Guid(a815e346f76db9b44a3b1170f9de2193) Importer(815301076,1909f56bfc062723c751e8b465ee728b)
Start importing Assets/Materials/UnwrapTexture.tif using Guid(a815e346f76db9b44a3b1170f9de2193) Importer(815301076,1909f56bfc062723c751e8b465ee728b)  -> (artifact id: '1d1ddba227fa1df99c5e1b184425be74') in 0.010800 seconds 
========================================================================
Received Import Request.
  Time since last request: 12.028603 seconds.
  path: Assets/Materials/Materials
  artifactKey: Guid(30789588bfcb36345b64d3c3a54ff203) Importer(815301076,1909f56bfc062723c751e8b465ee728b)
Start importing Assets/Materials/Materials using Guid(30789588bfcb36345b64d3c3a54ff203) Importer(815301076,1909f56bfc062723c751e8b465ee728b)  -> (artifact id: '1aebbc6667ba8e1d4d19a2be917bb276') in 0.002250 seconds 
========================================================================
Received Import Request.
  Time since last request: 0.546465 seconds.
  path: Assets/Materials/Materials/UnwrapTexture.mat
  artifactKey: Guid(bbda05449c9f07f469e9a4fbc6861c8c) Importer(815301076,1909f56bfc062723c751e8b465ee728b)
Start importing Assets/Materials/Materials/UnwrapTexture.mat using Guid(bbda05449c9f07f469e9a4fbc6861c8c) Importer(815301076,1909f56bfc062723c751e8b465ee728b)  -> (artifact id: '40362e1f4615f5106e561c57b40896f2') in 0.009706 seconds 
========================================================================
Received Import Request.
  Time since last request: 120.725963 seconds.
  path: Assets/Materials/Materials/UnwrapTexture - Copy.mat
  artifactKey: Guid(bbda05449c9f07f469e9a4fbc6861c8c) Importer(815301076,1909f56bfc062723c751e8b465ee728b)
Start importing Assets/Materials/Materials/UnwrapTexture - Copy.mat using Guid(bbda05449c9f07f469e9a4fbc6861c8c) Importer(815301076,1909f56bfc062723c751e8b465ee728b)  -> (artifact id: 'ca1a947447e497028b4b386d36f15e0f') in 0.010100 seconds 
========================================================================
Received Import Request.
  Time since last request: 40.649766 seconds.
  path: Assets/Materials/WheelTexture.mat
  artifactKey: Guid(51ae401d11d80a14f8c031087ff83abb) Importer(815301076,1909f56bfc062723c751e8b465ee728b)
Start importing Assets/Materials/WheelTexture.mat using Guid(51ae401d11d80a14f8c031087ff83abb) Importer(815301076,1909f56bfc062723c751e8b465ee728b)  -> (artifact id: 'aef1deda07956338fd446966a3a46da7') in 0.009373 seconds 
========================================================================
Received Import Request.
  Time since last request: 4.835960 seconds.
  path: Assets/Materials/WheelTexture.mat
  artifactKey: Guid(51ae401d11d80a14f8c031087ff83abb) Importer(815301076,1909f56bfc062723c751e8b465ee728b)
Start importing Assets/Materials/WheelTexture.mat using Guid(51ae401d11d80a14f8c031087ff83abb) Importer(815301076,1909f56bfc062723c751e8b465ee728b)  -> (artifact id: 'a096fc94fa1c6dd1db11bafbd943fb8e') in 0.008005 seconds 
========================================================================
Received Import Request.
  Time since last request: 20.803695 seconds.
  path: Assets/Materials/Wheel
  artifactKey: Guid(d5f739a4fee8b1841a7517cfb4a5c8a3) Importer(815301076,1909f56bfc062723c751e8b465ee728b)
Start importing Assets/Materials/Wheel using Guid(d5f739a4fee8b1841a7517cfb4a5c8a3) Importer(815301076,1909f56bfc062723c751e8b465ee728b)  -> (artifact id: 'b33a0b1a683698a98f55c3e7bfc945fb') in 0.002215 seconds 
========================================================================
Received Import Request.
  Time since last request: 9.668388 seconds.
  path: Assets/Materials/New Folder
  artifactKey: Guid(f71fc14f0bf97b940aaf2b27a0ce4257) Importer(815301076,1909f56bfc062723c751e8b465ee728b)
Start importing Assets/Materials/New Folder using Guid(f71fc14f0bf97b940aaf2b27a0ce4257) Importer(815301076,1909f56bfc062723c751e8b465ee728b)  -> (artifact id: '8a9bc47a764fbf0d947f4f71e4c6f138') in 0.002387 seconds 
========================================================================
Received Import Request.
  Time since last request: 18.857509 seconds.
  path: Assets/Materials/PanelColour.mat
  artifactKey: Guid(ca2285414dd7c8b4e9b1c5cd7f26ad7c) Importer(815301076,1909f56bfc062723c751e8b465ee728b)
Start importing Assets/Materials/PanelColour.mat using Guid(ca2285414dd7c8b4e9b1c5cd7f26ad7c) Importer(815301076,1909f56bfc062723c751e8b465ee728b)  -> (artifact id: 'fb7abd26fcbcde74041047f0c6dd47ce') in 0.015188 seconds 
========================================================================
Received Import Request.
  Time since last request: 58.566949 seconds.
  path: Assets/Materials/PanelColour.mat
  artifactKey: Guid(ca2285414dd7c8b4e9b1c5cd7f26ad7c) Importer(815301076,1909f56bfc062723c751e8b465ee728b)
Start importing Assets/Materials/PanelColour.mat using Guid(ca2285414dd7c8b4e9b1c5cd7f26ad7c) Importer(815301076,1909f56bfc062723c751e8b465ee728b)  -> (artifact id: '87474a2c905e19daa623cd29f0dcbeef') in 0.009933 seconds 
AssetImportWorkerClient::OnTransportError - code=2 error=End of file
